<?xml version="1.0" encoding="UTF-8"?>
<testsuite xmlns:xsi="http://www.w3.org/2001/XMLSchema-instance" xsi:noNamespaceSchemaLocation="https://maven.apache.org/surefire/maven-surefire-plugin/xsd/surefire-test-report.xsd" name="com.example.sbchainssioicdoauth2.TestEthService" time="14.94" tests="4" errors="0" skipped="0" failures="0">
  <properties>
    <property name="sun.desktop" value="gnome"/>
    <property name="awt.toolkit" value="sun.awt.X11.XToolkit"/>
    <property name="file.encoding.pkg" value="sun.io"/>
    <property name="java.specification.version" value="1.8"/>
    <property name="sun.cpu.isalist" value=""/>
    <property name="sun.jnu.encoding" value="UTF-8"/>
    <property name="java.class.path" value="/home/nikos/sbchain-ssi-oicd-oauth2/target/test-classes:/home/nikos/sbchain-ssi-oicd-oauth2/target/classes:/home/nikos/.m2/repository/org/springframework/boot/spring-boot-starter-oauth2-client/2.3.0.RELEASE/spring-boot-starter-oauth2-client-2.3.0.RELEASE.jar:/home/nikos/.m2/repository/org/springframework/boot/spring-boot-starter/2.3.0.RELEASE/spring-boot-starter-2.3.0.RELEASE.jar:/home/nikos/.m2/repository/org/springframework/boot/spring-boot-starter-logging/2.3.0.RELEASE/spring-boot-starter-logging-2.3.0.RELEASE.jar:/home/nikos/.m2/repository/ch/qos/logback/logback-classic/1.2.3/logback-classic-1.2.3.jar:/home/nikos/.m2/repository/ch/qos/logback/logback-core/1.2.3/logback-core-1.2.3.jar:/home/nikos/.m2/repository/org/apache/logging/log4j/log4j-to-slf4j/2.13.2/log4j-to-slf4j-2.13.2.jar:/home/nikos/.m2/repository/org/apache/logging/log4j/log4j-api/2.13.2/log4j-api-2.13.2.jar:/home/nikos/.m2/repository/org/slf4j/jul-to-slf4j/1.7.30/jul-to-slf4j-1.7.30.jar:/home/nikos/.m2/repository/jakarta/annotation/jakarta.annotation-api/1.3.5/jakarta.annotation-api-1.3.5.jar:/home/nikos/.m2/repository/org/yaml/snakeyaml/1.26/snakeyaml-1.26.jar:/home/nikos/.m2/repository/com/sun/mail/jakarta.mail/1.6.5/jakarta.mail-1.6.5.jar:/home/nikos/.m2/repository/com/sun/activation/jakarta.activation/1.2.2/jakarta.activation-1.2.2.jar:/home/nikos/.m2/repository/org/springframework/security/spring-security-core/5.3.2.RELEASE/spring-security-core-5.3.2.RELEASE.jar:/home/nikos/.m2/repository/org/springframework/spring-expression/5.2.6.RELEASE/spring-expression-5.2.6.RELEASE.jar:/home/nikos/.m2/repository/org/springframework/boot/spring-boot-starter-thymeleaf/2.3.0.RELEASE/spring-boot-starter-thymeleaf-2.3.0.RELEASE.jar:/home/nikos/.m2/repository/org/thymeleaf/thymeleaf-spring5/3.0.11.RELEASE/thymeleaf-spring5-3.0.11.RELEASE.jar:/home/nikos/.m2/repository/org/thymeleaf/thymeleaf/3.0.11.RELEASE/thymeleaf-3.0.11.RELEASE.jar:/home/nikos/.m2/repository/org/attoparser/attoparser/2.0.5.RELEASE/attoparser-2.0.5.RELEASE.jar:/home/nikos/.m2/repository/org/unbescape/unbescape/1.1.6.RELEASE/unbescape-1.1.6.RELEASE.jar:/home/nikos/.m2/repository/org/thymeleaf/extras/thymeleaf-extras-java8time/3.0.4.RELEASE/thymeleaf-extras-java8time-3.0.4.RELEASE.jar:/home/nikos/.m2/repository/org/springframework/boot/spring-boot-starter-web/2.3.0.RELEASE/spring-boot-starter-web-2.3.0.RELEASE.jar:/home/nikos/.m2/repository/org/springframework/boot/spring-boot-starter-json/2.3.0.RELEASE/spring-boot-starter-json-2.3.0.RELEASE.jar:/home/nikos/.m2/repository/com/fasterxml/jackson/datatype/jackson-datatype-jdk8/2.11.0/jackson-datatype-jdk8-2.11.0.jar:/home/nikos/.m2/repository/com/fasterxml/jackson/datatype/jackson-datatype-jsr310/2.11.0/jackson-datatype-jsr310-2.11.0.jar:/home/nikos/.m2/repository/com/fasterxml/jackson/module/jackson-module-parameter-names/2.11.0/jackson-module-parameter-names-2.11.0.jar:/home/nikos/.m2/repository/org/springframework/boot/spring-boot-starter-tomcat/2.3.0.RELEASE/spring-boot-starter-tomcat-2.3.0.RELEASE.jar:/home/nikos/.m2/repository/org/apache/tomcat/embed/tomcat-embed-core/9.0.35/tomcat-embed-core-9.0.35.jar:/home/nikos/.m2/repository/org/glassfish/jakarta.el/3.0.3/jakarta.el-3.0.3.jar:/home/nikos/.m2/repository/org/apache/tomcat/embed/tomcat-embed-websocket/9.0.35/tomcat-embed-websocket-9.0.35.jar:/home/nikos/.m2/repository/org/springframework/spring-webmvc/5.2.6.RELEASE/spring-webmvc-5.2.6.RELEASE.jar:/home/nikos/.m2/repository/org/springframework/security/spring-security-config/5.3.2.RELEASE/spring-security-config-5.3.2.RELEASE.jar:/home/nikos/.m2/repository/org/springframework/spring-aop/5.2.6.RELEASE/spring-aop-5.2.6.RELEASE.jar:/home/nikos/.m2/repository/org/springframework/spring-beans/5.2.6.RELEASE/spring-beans-5.2.6.RELEASE.jar:/home/nikos/.m2/repository/org/springframework/spring-context/5.2.6.RELEASE/spring-context-5.2.6.RELEASE.jar:/home/nikos/.m2/repository/org/springframework/spring-core/5.2.6.RELEASE/spring-core-5.2.6.RELEASE.jar:/home/nikos/.m2/repository/org/springframework/spring-jcl/5.2.6.RELEASE/spring-jcl-5.2.6.RELEASE.jar:/home/nikos/.m2/repository/org/springframework/security/spring-security-oauth2-client/5.3.2.RELEASE/spring-security-oauth2-client-5.3.2.RELEASE.jar:/home/nikos/.m2/repository/com/nimbusds/oauth2-oidc-sdk/7.1.1/oauth2-oidc-sdk-7.1.1.jar:/home/nikos/.m2/repository/com/github/stephenc/jcip/jcip-annotations/1.0-1/jcip-annotations-1.0-1.jar:/home/nikos/.m2/repository/com/nimbusds/content-type/2.0/content-type-2.0.jar:/home/nikos/.m2/repository/net/minidev/json-smart/1.3.1/json-smart-1.3.1.jar:/home/nikos/.m2/repository/com/nimbusds/lang-tag/1.4.4/lang-tag-1.4.4.jar:/home/nikos/.m2/repository/com/sun/mail/javax.mail/1.6.1/javax.mail-1.6.1.jar:/home/nikos/.m2/repository/javax/activation/activation/1.1/activation-1.1.jar:/home/nikos/.m2/repository/org/springframework/security/spring-security-oauth2-core/5.3.2.RELEASE/spring-security-oauth2-core-5.3.2.RELEASE.jar:/home/nikos/.m2/repository/org/springframework/security/spring-security-web/5.3.2.RELEASE/spring-security-web-5.3.2.RELEASE.jar:/home/nikos/.m2/repository/org/springframework/security/spring-security-oauth2-jose/5.3.2.RELEASE/spring-security-oauth2-jose-5.3.2.RELEASE.jar:/home/nikos/.m2/repository/com/nimbusds/nimbus-jose-jwt/8.9/nimbus-jose-jwt-8.9.jar:/home/nikos/.m2/repository/org/springframework/security/oauth/spring-security-oauth2/2.5.0.RELEASE/spring-security-oauth2-2.5.0.RELEASE.jar:/home/nikos/.m2/repository/commons-codec/commons-codec/1.14/commons-codec-1.14.jar:/home/nikos/.m2/repository/org/springframework/boot/spring-boot-devtools/2.3.0.RELEASE/spring-boot-devtools-2.3.0.RELEASE.jar:/home/nikos/.m2/repository/org/springframework/boot/spring-boot/2.3.0.RELEASE/spring-boot-2.3.0.RELEASE.jar:/home/nikos/.m2/repository/org/springframework/boot/spring-boot-autoconfigure/2.3.0.RELEASE/spring-boot-autoconfigure-2.3.0.RELEASE.jar:/home/nikos/.m2/repository/org/springframework/boot/spring-boot-starter-cache/2.3.0.RELEASE/spring-boot-starter-cache-2.3.0.RELEASE.jar:/home/nikos/.m2/repository/org/springframework/spring-context-support/5.2.6.RELEASE/spring-context-support-5.2.6.RELEASE.jar:/home/nikos/.m2/repository/org/springframework/boot/spring-boot-starter-test/2.3.0.RELEASE/spring-boot-starter-test-2.3.0.RELEASE.jar:/home/nikos/.m2/repository/org/springframework/boot/spring-boot-test/2.3.0.RELEASE/spring-boot-test-2.3.0.RELEASE.jar:/home/nikos/.m2/repository/org/springframework/boot/spring-boot-test-autoconfigure/2.3.0.RELEASE/spring-boot-test-autoconfigure-2.3.0.RELEASE.jar:/home/nikos/.m2/repository/com/jayway/jsonpath/json-path/2.4.0/json-path-2.4.0.jar:/home/nikos/.m2/repository/jakarta/xml/bind/jakarta.xml.bind-api/2.3.3/jakarta.xml.bind-api-2.3.3.jar:/home/nikos/.m2/repository/jakarta/activation/jakarta.activation-api/1.2.2/jakarta.activation-api-1.2.2.jar:/home/nikos/.m2/repository/org/assertj/assertj-core/3.16.1/assertj-core-3.16.1.jar:/home/nikos/.m2/repository/org/hamcrest/hamcrest/2.2/hamcrest-2.2.jar:/home/nikos/.m2/repository/org/junit/jupiter/junit-jupiter/5.6.2/junit-jupiter-5.6.2.jar:/home/nikos/.m2/repository/org/junit/jupiter/junit-jupiter-api/5.6.2/junit-jupiter-api-5.6.2.jar:/home/nikos/.m2/repository/org/apiguardian/apiguardian-api/1.1.0/apiguardian-api-1.1.0.jar:/home/nikos/.m2/repository/org/opentest4j/opentest4j/1.2.0/opentest4j-1.2.0.jar:/home/nikos/.m2/repository/org/junit/platform/junit-platform-commons/1.6.2/junit-platform-commons-1.6.2.jar:/home/nikos/.m2/repository/org/junit/jupiter/junit-jupiter-params/5.6.2/junit-jupiter-params-5.6.2.jar:/home/nikos/.m2/repository/org/junit/jupiter/junit-jupiter-engine/5.6.2/junit-jupiter-engine-5.6.2.jar:/home/nikos/.m2/repository/org/junit/platform/junit-platform-engine/1.6.2/junit-platform-engine-1.6.2.jar:/home/nikos/.m2/repository/org/mockito/mockito-core/3.3.3/mockito-core-3.3.3.jar:/home/nikos/.m2/repository/net/bytebuddy/byte-buddy/1.10.10/byte-buddy-1.10.10.jar:/home/nikos/.m2/repository/net/bytebuddy/byte-buddy-agent/1.10.10/byte-buddy-agent-1.10.10.jar:/home/nikos/.m2/repository/org/objenesis/objenesis/2.6/objenesis-2.6.jar:/home/nikos/.m2/repository/org/mockito/mockito-junit-jupiter/3.3.3/mockito-junit-jupiter-3.3.3.jar:/home/nikos/.m2/repository/org/skyscreamer/jsonassert/1.5.0/jsonassert-1.5.0.jar:/home/nikos/.m2/repository/com/vaadin/external/google/android-json/0.0.20131108.vaadin1/android-json-0.0.20131108.vaadin1.jar:/home/nikos/.m2/repository/org/springframework/spring-test/5.2.6.RELEASE/spring-test-5.2.6.RELEASE.jar:/home/nikos/.m2/repository/org/xmlunit/xmlunit-core/2.7.0/xmlunit-core-2.7.0.jar:/home/nikos/.m2/repository/org/springframework/security/spring-security-test/5.3.2.RELEASE/spring-security-test-5.3.2.RELEASE.jar:/home/nikos/.m2/repository/org/projectlombok/lombok/1.18.12/lombok-1.18.12.jar:/home/nikos/.m2/repository/org/springframework/boot/spring-boot-starter-webflux/2.3.0.RELEASE/spring-boot-starter-webflux-2.3.0.RELEASE.jar:/home/nikos/.m2/repository/org/springframework/boot/spring-boot-starter-reactor-netty/2.3.0.RELEASE/spring-boot-starter-reactor-netty-2.3.0.RELEASE.jar:/home/nikos/.m2/repository/io/projectreactor/netty/reactor-netty/0.9.7.RELEASE/reactor-netty-0.9.7.RELEASE.jar:/home/nikos/.m2/repository/io/netty/netty-codec-http/4.1.49.Final/netty-codec-http-4.1.49.Final.jar:/home/nikos/.m2/repository/io/netty/netty-common/4.1.49.Final/netty-common-4.1.49.Final.jar:/home/nikos/.m2/repository/io/netty/netty-buffer/4.1.49.Final/netty-buffer-4.1.49.Final.jar:/home/nikos/.m2/repository/io/netty/netty-transport/4.1.49.Final/netty-transport-4.1.49.Final.jar:/home/nikos/.m2/repository/io/netty/netty-codec/4.1.49.Final/netty-codec-4.1.49.Final.jar:/home/nikos/.m2/repository/io/netty/netty-codec-http2/4.1.49.Final/netty-codec-http2-4.1.49.Final.jar:/home/nikos/.m2/repository/io/netty/netty-handler/4.1.49.Final/netty-handler-4.1.49.Final.jar:/home/nikos/.m2/repository/io/netty/netty-resolver/4.1.49.Final/netty-resolver-4.1.49.Final.jar:/home/nikos/.m2/repository/io/netty/netty-handler-proxy/4.1.49.Final/netty-handler-proxy-4.1.49.Final.jar:/home/nikos/.m2/repository/io/netty/netty-codec-socks/4.1.49.Final/netty-codec-socks-4.1.49.Final.jar:/home/nikos/.m2/repository/io/netty/netty-transport-native-epoll/4.1.49.Final/netty-transport-native-epoll-4.1.49.Final-linux-x86_64.jar:/home/nikos/.m2/repository/io/netty/netty-transport-native-unix-common/4.1.49.Final/netty-transport-native-unix-common-4.1.49.Final.jar:/home/nikos/.m2/repository/org/springframework/spring-webflux/5.2.6.RELEASE/spring-webflux-5.2.6.RELEASE.jar:/home/nikos/.m2/repository/io/projectreactor/reactor-core/3.3.5.RELEASE/reactor-core-3.3.5.RELEASE.jar:/home/nikos/.m2/repository/org/synchronoss/cloud/nio-multipart-parser/1.1.0/nio-multipart-parser-1.1.0.jar:/home/nikos/.m2/repository/org/synchronoss/cloud/nio-stream-storage/1.1.3/nio-stream-storage-1.1.3.jar:/home/nikos/.m2/repository/org/keycloak/keycloak-spring-security-adapter/10.0.1/keycloak-spring-security-adapter-10.0.1.jar:/home/nikos/.m2/repository/org/keycloak/keycloak-core/10.0.1/keycloak-core-10.0.1.jar:/home/nikos/.m2/repository/org/keycloak/keycloak-common/10.0.1/keycloak-common-10.0.1.jar:/home/nikos/.m2/repository/org/bouncycastle/bcpkix-jdk15on/1.62/bcpkix-jdk15on-1.62.jar:/home/nikos/.m2/repository/org/keycloak/keycloak-adapter-spi/10.0.1/keycloak-adapter-spi-10.0.1.jar:/home/nikos/.m2/repository/org/keycloak/keycloak-adapter-core/10.0.1/keycloak-adapter-core-10.0.1.jar:/home/nikos/.m2/repository/org/slf4j/slf4j-api/1.7.30/slf4j-api-1.7.30.jar:/home/nikos/.m2/repository/org/jboss/logging/jboss-logging/3.4.1.Final/jboss-logging-3.4.1.Final.jar:/home/nikos/.m2/repository/org/apache/httpcomponents/httpclient/4.5.12/httpclient-4.5.12.jar:/home/nikos/.m2/repository/org/apache/httpcomponents/httpcore/4.4.13/httpcore-4.4.13.jar:/home/nikos/.m2/repository/org/bouncycastle/bcprov-jdk15on/1.62/bcprov-jdk15on-1.62.jar:/home/nikos/.m2/repository/com/fasterxml/jackson/core/jackson-core/2.11.0/jackson-core-2.11.0.jar:/home/nikos/.m2/repository/com/fasterxml/jackson/core/jackson-databind/2.11.0/jackson-databind-2.11.0.jar:/home/nikos/.m2/repository/com/fasterxml/jackson/core/jackson-annotations/2.11.0/jackson-annotations-2.11.0.jar:/home/nikos/.m2/repository/org/springframework/session/spring-session-data-mongodb/2.3.0.RELEASE/spring-session-data-mongodb-2.3.0.RELEASE.jar:/home/nikos/.m2/repository/org/springframework/session/spring-session-core/2.3.0.RELEASE/spring-session-core-2.3.0.RELEASE.jar:/home/nikos/.m2/repository/org/springframework/data/spring-data-mongodb/3.0.0.RELEASE/spring-data-mongodb-3.0.0.RELEASE.jar:/home/nikos/.m2/repository/org/springframework/spring-tx/5.2.6.RELEASE/spring-tx-5.2.6.RELEASE.jar:/home/nikos/.m2/repository/org/springframework/data/spring-data-commons/2.3.0.RELEASE/spring-data-commons-2.3.0.RELEASE.jar:/home/nikos/.m2/repository/org/mongodb/mongodb-driver-core/4.0.3/mongodb-driver-core-4.0.3.jar:/home/nikos/.m2/repository/com/google/code/findbugs/jsr305/3.0.2/jsr305-3.0.2.jar:/home/nikos/.m2/repository/org/springframework/boot/spring-boot-starter-data-mongodb/2.3.0.RELEASE/spring-boot-starter-data-mongodb-2.3.0.RELEASE.jar:/home/nikos/.m2/repository/org/mongodb/mongodb-driver-sync/4.0.3/mongodb-driver-sync-4.0.3.jar:/home/nikos/.m2/repository/org/mongodb/bson/4.0.3/bson-4.0.3.jar:/home/nikos/.m2/repository/org/keycloak/keycloak-spring-boot-adapter-core/10.0.1/keycloak-spring-boot-adapter-core-10.0.1.jar:/home/nikos/.m2/repository/org/web3j/core/4.6.3/core-4.6.3.jar:/home/nikos/.m2/repository/org/web3j/abi/4.6.3/abi-4.6.3.jar:/home/nikos/.m2/repository/org/web3j/utils/4.6.3/utils-4.6.3.jar:/home/nikos/.m2/repository/org/web3j/crypto/4.6.3/crypto-4.6.3.jar:/home/nikos/.m2/repository/org/web3j/rlp/4.6.3/rlp-4.6.3.jar:/home/nikos/.m2/repository/org/web3j/tuples/4.6.3/tuples-4.6.3.jar:/home/nikos/.m2/repository/com/github/jnr/jnr-unixsocket/0.21/jnr-unixsocket-0.21.jar:/home/nikos/.m2/repository/com/github/jnr/jnr-ffi/2.1.9/jnr-ffi-2.1.9.jar:/home/nikos/.m2/repository/com/github/jnr/jffi/1.2.17/jffi-1.2.17.jar:/home/nikos/.m2/repository/com/github/jnr/jffi/1.2.16/jffi-1.2.16-native.jar:/home/nikos/.m2/repository/org/ow2/asm/asm/5.0.3/asm-5.0.3.jar:/home/nikos/.m2/repository/org/ow2/asm/asm-commons/5.0.3/asm-commons-5.0.3.jar:/home/nikos/.m2/repository/org/ow2/asm/asm-analysis/5.0.3/asm-analysis-5.0.3.jar:/home/nikos/.m2/repository/org/ow2/asm/asm-tree/5.0.3/asm-tree-5.0.3.jar:/home/nikos/.m2/repository/org/ow2/asm/asm-util/5.0.3/asm-util-5.0.3.jar:/home/nikos/.m2/repository/com/github/jnr/jnr-a64asm/1.0.0/jnr-a64asm-1.0.0.jar:/home/nikos/.m2/repository/com/github/jnr/jnr-x86asm/1.0.2/jnr-x86asm-1.0.2.jar:/home/nikos/.m2/repository/com/github/jnr/jnr-constants/0.9.11/jnr-constants-0.9.11.jar:/home/nikos/.m2/repository/com/github/jnr/jnr-enxio/0.19/jnr-enxio-0.19.jar:/home/nikos/.m2/repository/com/github/jnr/jnr-posix/3.0.47/jnr-posix-3.0.47.jar:/home/nikos/.m2/repository/com/squareup/okhttp3/logging-interceptor/3.14.8/logging-interceptor-3.14.8.jar:/home/nikos/.m2/repository/io/reactivex/rxjava2/rxjava/2.2.19/rxjava-2.2.19.jar:/home/nikos/.m2/repository/org/reactivestreams/reactive-streams/1.0.3/reactive-streams-1.0.3.jar:/home/nikos/.m2/repository/org/java-websocket/Java-WebSocket/1.3.8/Java-WebSocket-1.3.8.jar:/home/nikos/.m2/repository/com/squareup/okhttp3/okhttp/4.8.1/okhttp-4.8.1.jar:/home/nikos/.m2/repository/com/squareup/okio/okio/2.7.0/okio-2.7.0.jar:/home/nikos/.m2/repository/org/jetbrains/kotlin/kotlin-stdlib-common/1.3.72/kotlin-stdlib-common-1.3.72.jar:/home/nikos/.m2/repository/org/jetbrains/kotlin/kotlin-stdlib/1.3.72/kotlin-stdlib-1.3.72.jar:/home/nikos/.m2/repository/org/jetbrains/annotations/13.0/annotations-13.0.jar:/home/nikos/.m2/repository/org/hibernate/hibernate-validator/5.4.2.Final/hibernate-validator-5.4.2.Final.jar:/home/nikos/.m2/repository/javax/validation/validation-api/2.0.1.Final/validation-api-2.0.1.Final.jar:/home/nikos/.m2/repository/com/fasterxml/classmate/1.5.1/classmate-1.5.1.jar:/home/nikos/.m2/repository/org/springframework/spring-web/5.2.8.RELEASE/spring-web-5.2.8.RELEASE.jar:"/>
    <property name="java.vm.vendor" value="Private Build"/>
    <property name="sun.arch.data.model" value="64"/>
    <property name="java.vendor.url" value="http://java.oracle.com/"/>
    <property name="user.timezone" value=""/>
    <property name="java.vm.specification.version" value="1.8"/>
    <property name="os.name" value="Linux"/>
    <property name="sun.java.launcher" value="SUN_STANDARD"/>
    <property name="user.country" value="US"/>
    <property name="sun.boot.library.path" value="/usr/lib/jvm/java-8-openjdk-amd64/jre/lib/amd64"/>
    <property name="sun.java.command" value="/home/nikos/sbchain-ssi-oicd-oauth2/target/surefire/surefirebooter4815371474328137980.jar /home/nikos/sbchain-ssi-oicd-oauth2/target/surefire 2020-09-30T11-53-53_358-jvmRun1 surefire7473700916060140356tmp surefire_01009709732961949636tmp"/>
    <property name="surefire.test.class.path" value="/home/nikos/sbchain-ssi-oicd-oauth2/target/test-classes:/home/nikos/sbchain-ssi-oicd-oauth2/target/classes:/home/nikos/.m2/repository/org/springframework/boot/spring-boot-starter-oauth2-client/2.3.0.RELEASE/spring-boot-starter-oauth2-client-2.3.0.RELEASE.jar:/home/nikos/.m2/repository/org/springframework/boot/spring-boot-starter/2.3.0.RELEASE/spring-boot-starter-2.3.0.RELEASE.jar:/home/nikos/.m2/repository/org/springframework/boot/spring-boot-starter-logging/2.3.0.RELEASE/spring-boot-starter-logging-2.3.0.RELEASE.jar:/home/nikos/.m2/repository/ch/qos/logback/logback-classic/1.2.3/logback-classic-1.2.3.jar:/home/nikos/.m2/repository/ch/qos/logback/logback-core/1.2.3/logback-core-1.2.3.jar:/home/nikos/.m2/repository/org/apache/logging/log4j/log4j-to-slf4j/2.13.2/log4j-to-slf4j-2.13.2.jar:/home/nikos/.m2/repository/org/apache/logging/log4j/log4j-api/2.13.2/log4j-api-2.13.2.jar:/home/nikos/.m2/repository/org/slf4j/jul-to-slf4j/1.7.30/jul-to-slf4j-1.7.30.jar:/home/nikos/.m2/repository/jakarta/annotation/jakarta.annotation-api/1.3.5/jakarta.annotation-api-1.3.5.jar:/home/nikos/.m2/repository/org/yaml/snakeyaml/1.26/snakeyaml-1.26.jar:/home/nikos/.m2/repository/com/sun/mail/jakarta.mail/1.6.5/jakarta.mail-1.6.5.jar:/home/nikos/.m2/repository/com/sun/activation/jakarta.activation/1.2.2/jakarta.activation-1.2.2.jar:/home/nikos/.m2/repository/org/springframework/security/spring-security-core/5.3.2.RELEASE/spring-security-core-5.3.2.RELEASE.jar:/home/nikos/.m2/repository/org/springframework/spring-expression/5.2.6.RELEASE/spring-expression-5.2.6.RELEASE.jar:/home/nikos/.m2/repository/org/springframework/boot/spring-boot-starter-thymeleaf/2.3.0.RELEASE/spring-boot-starter-thymeleaf-2.3.0.RELEASE.jar:/home/nikos/.m2/repository/org/thymeleaf/thymeleaf-spring5/3.0.11.RELEASE/thymeleaf-spring5-3.0.11.RELEASE.jar:/home/nikos/.m2/repository/org/thymeleaf/thymeleaf/3.0.11.RELEASE/thymeleaf-3.0.11.RELEASE.jar:/home/nikos/.m2/repository/org/attoparser/attoparser/2.0.5.RELEASE/attoparser-2.0.5.RELEASE.jar:/home/nikos/.m2/repository/org/unbescape/unbescape/1.1.6.RELEASE/unbescape-1.1.6.RELEASE.jar:/home/nikos/.m2/repository/org/thymeleaf/extras/thymeleaf-extras-java8time/3.0.4.RELEASE/thymeleaf-extras-java8time-3.0.4.RELEASE.jar:/home/nikos/.m2/repository/org/springframework/boot/spring-boot-starter-web/2.3.0.RELEASE/spring-boot-starter-web-2.3.0.RELEASE.jar:/home/nikos/.m2/repository/org/springframework/boot/spring-boot-starter-json/2.3.0.RELEASE/spring-boot-starter-json-2.3.0.RELEASE.jar:/home/nikos/.m2/repository/com/fasterxml/jackson/datatype/jackson-datatype-jdk8/2.11.0/jackson-datatype-jdk8-2.11.0.jar:/home/nikos/.m2/repository/com/fasterxml/jackson/datatype/jackson-datatype-jsr310/2.11.0/jackson-datatype-jsr310-2.11.0.jar:/home/nikos/.m2/repository/com/fasterxml/jackson/module/jackson-module-parameter-names/2.11.0/jackson-module-parameter-names-2.11.0.jar:/home/nikos/.m2/repository/org/springframework/boot/spring-boot-starter-tomcat/2.3.0.RELEASE/spring-boot-starter-tomcat-2.3.0.RELEASE.jar:/home/nikos/.m2/repository/org/apache/tomcat/embed/tomcat-embed-core/9.0.35/tomcat-embed-core-9.0.35.jar:/home/nikos/.m2/repository/org/glassfish/jakarta.el/3.0.3/jakarta.el-3.0.3.jar:/home/nikos/.m2/repository/org/apache/tomcat/embed/tomcat-embed-websocket/9.0.35/tomcat-embed-websocket-9.0.35.jar:/home/nikos/.m2/repository/org/springframework/spring-webmvc/5.2.6.RELEASE/spring-webmvc-5.2.6.RELEASE.jar:/home/nikos/.m2/repository/org/springframework/security/spring-security-config/5.3.2.RELEASE/spring-security-config-5.3.2.RELEASE.jar:/home/nikos/.m2/repository/org/springframework/spring-aop/5.2.6.RELEASE/spring-aop-5.2.6.RELEASE.jar:/home/nikos/.m2/repository/org/springframework/spring-beans/5.2.6.RELEASE/spring-beans-5.2.6.RELEASE.jar:/home/nikos/.m2/repository/org/springframework/spring-context/5.2.6.RELEASE/spring-context-5.2.6.RELEASE.jar:/home/nikos/.m2/repository/org/springframework/spring-core/5.2.6.RELEASE/spring-core-5.2.6.RELEASE.jar:/home/nikos/.m2/repository/org/springframework/spring-jcl/5.2.6.RELEASE/spring-jcl-5.2.6.RELEASE.jar:/home/nikos/.m2/repository/org/springframework/security/spring-security-oauth2-client/5.3.2.RELEASE/spring-security-oauth2-client-5.3.2.RELEASE.jar:/home/nikos/.m2/repository/com/nimbusds/oauth2-oidc-sdk/7.1.1/oauth2-oidc-sdk-7.1.1.jar:/home/nikos/.m2/repository/com/github/stephenc/jcip/jcip-annotations/1.0-1/jcip-annotations-1.0-1.jar:/home/nikos/.m2/repository/com/nimbusds/content-type/2.0/content-type-2.0.jar:/home/nikos/.m2/repository/net/minidev/json-smart/1.3.1/json-smart-1.3.1.jar:/home/nikos/.m2/repository/com/nimbusds/lang-tag/1.4.4/lang-tag-1.4.4.jar:/home/nikos/.m2/repository/com/sun/mail/javax.mail/1.6.1/javax.mail-1.6.1.jar:/home/nikos/.m2/repository/javax/activation/activation/1.1/activation-1.1.jar:/home/nikos/.m2/repository/org/springframework/security/spring-security-oauth2-core/5.3.2.RELEASE/spring-security-oauth2-core-5.3.2.RELEASE.jar:/home/nikos/.m2/repository/org/springframework/security/spring-security-web/5.3.2.RELEASE/spring-security-web-5.3.2.RELEASE.jar:/home/nikos/.m2/repository/org/springframework/security/spring-security-oauth2-jose/5.3.2.RELEASE/spring-security-oauth2-jose-5.3.2.RELEASE.jar:/home/nikos/.m2/repository/com/nimbusds/nimbus-jose-jwt/8.9/nimbus-jose-jwt-8.9.jar:/home/nikos/.m2/repository/org/springframework/security/oauth/spring-security-oauth2/2.5.0.RELEASE/spring-security-oauth2-2.5.0.RELEASE.jar:/home/nikos/.m2/repository/commons-codec/commons-codec/1.14/commons-codec-1.14.jar:/home/nikos/.m2/repository/org/springframework/boot/spring-boot-devtools/2.3.0.RELEASE/spring-boot-devtools-2.3.0.RELEASE.jar:/home/nikos/.m2/repository/org/springframework/boot/spring-boot/2.3.0.RELEASE/spring-boot-2.3.0.RELEASE.jar:/home/nikos/.m2/repository/org/springframework/boot/spring-boot-autoconfigure/2.3.0.RELEASE/spring-boot-autoconfigure-2.3.0.RELEASE.jar:/home/nikos/.m2/repository/org/springframework/boot/spring-boot-starter-cache/2.3.0.RELEASE/spring-boot-starter-cache-2.3.0.RELEASE.jar:/home/nikos/.m2/repository/org/springframework/spring-context-support/5.2.6.RELEASE/spring-context-support-5.2.6.RELEASE.jar:/home/nikos/.m2/repository/org/springframework/boot/spring-boot-starter-test/2.3.0.RELEASE/spring-boot-starter-test-2.3.0.RELEASE.jar:/home/nikos/.m2/repository/org/springframework/boot/spring-boot-test/2.3.0.RELEASE/spring-boot-test-2.3.0.RELEASE.jar:/home/nikos/.m2/repository/org/springframework/boot/spring-boot-test-autoconfigure/2.3.0.RELEASE/spring-boot-test-autoconfigure-2.3.0.RELEASE.jar:/home/nikos/.m2/repository/com/jayway/jsonpath/json-path/2.4.0/json-path-2.4.0.jar:/home/nikos/.m2/repository/jakarta/xml/bind/jakarta.xml.bind-api/2.3.3/jakarta.xml.bind-api-2.3.3.jar:/home/nikos/.m2/repository/jakarta/activation/jakarta.activation-api/1.2.2/jakarta.activation-api-1.2.2.jar:/home/nikos/.m2/repository/org/assertj/assertj-core/3.16.1/assertj-core-3.16.1.jar:/home/nikos/.m2/repository/org/hamcrest/hamcrest/2.2/hamcrest-2.2.jar:/home/nikos/.m2/repository/org/junit/jupiter/junit-jupiter/5.6.2/junit-jupiter-5.6.2.jar:/home/nikos/.m2/repository/org/junit/jupiter/junit-jupiter-api/5.6.2/junit-jupiter-api-5.6.2.jar:/home/nikos/.m2/repository/org/apiguardian/apiguardian-api/1.1.0/apiguardian-api-1.1.0.jar:/home/nikos/.m2/repository/org/opentest4j/opentest4j/1.2.0/opentest4j-1.2.0.jar:/home/nikos/.m2/repository/org/junit/platform/junit-platform-commons/1.6.2/junit-platform-commons-1.6.2.jar:/home/nikos/.m2/repository/org/junit/jupiter/junit-jupiter-params/5.6.2/junit-jupiter-params-5.6.2.jar:/home/nikos/.m2/repository/org/junit/jupiter/junit-jupiter-engine/5.6.2/junit-jupiter-engine-5.6.2.jar:/home/nikos/.m2/repository/org/junit/platform/junit-platform-engine/1.6.2/junit-platform-engine-1.6.2.jar:/home/nikos/.m2/repository/org/mockito/mockito-core/3.3.3/mockito-core-3.3.3.jar:/home/nikos/.m2/repository/net/bytebuddy/byte-buddy/1.10.10/byte-buddy-1.10.10.jar:/home/nikos/.m2/repository/net/bytebuddy/byte-buddy-agent/1.10.10/byte-buddy-agent-1.10.10.jar:/home/nikos/.m2/repository/org/objenesis/objenesis/2.6/objenesis-2.6.jar:/home/nikos/.m2/repository/org/mockito/mockito-junit-jupiter/3.3.3/mockito-junit-jupiter-3.3.3.jar:/home/nikos/.m2/repository/org/skyscreamer/jsonassert/1.5.0/jsonassert-1.5.0.jar:/home/nikos/.m2/repository/com/vaadin/external/google/android-json/0.0.20131108.vaadin1/android-json-0.0.20131108.vaadin1.jar:/home/nikos/.m2/repository/org/springframework/spring-test/5.2.6.RELEASE/spring-test-5.2.6.RELEASE.jar:/home/nikos/.m2/repository/org/xmlunit/xmlunit-core/2.7.0/xmlunit-core-2.7.0.jar:/home/nikos/.m2/repository/org/springframework/security/spring-security-test/5.3.2.RELEASE/spring-security-test-5.3.2.RELEASE.jar:/home/nikos/.m2/repository/org/projectlombok/lombok/1.18.12/lombok-1.18.12.jar:/home/nikos/.m2/repository/org/springframework/boot/spring-boot-starter-webflux/2.3.0.RELEASE/spring-boot-starter-webflux-2.3.0.RELEASE.jar:/home/nikos/.m2/repository/org/springframework/boot/spring-boot-starter-reactor-netty/2.3.0.RELEASE/spring-boot-starter-reactor-netty-2.3.0.RELEASE.jar:/home/nikos/.m2/repository/io/projectreactor/netty/reactor-netty/0.9.7.RELEASE/reactor-netty-0.9.7.RELEASE.jar:/home/nikos/.m2/repository/io/netty/netty-codec-http/4.1.49.Final/netty-codec-http-4.1.49.Final.jar:/home/nikos/.m2/repository/io/netty/netty-common/4.1.49.Final/netty-common-4.1.49.Final.jar:/home/nikos/.m2/repository/io/netty/netty-buffer/4.1.49.Final/netty-buffer-4.1.49.Final.jar:/home/nikos/.m2/repository/io/netty/netty-transport/4.1.49.Final/netty-transport-4.1.49.Final.jar:/home/nikos/.m2/repository/io/netty/netty-codec/4.1.49.Final/netty-codec-4.1.49.Final.jar:/home/nikos/.m2/repository/io/netty/netty-codec-http2/4.1.49.Final/netty-codec-http2-4.1.49.Final.jar:/home/nikos/.m2/repository/io/netty/netty-handler/4.1.49.Final/netty-handler-4.1.49.Final.jar:/home/nikos/.m2/repository/io/netty/netty-resolver/4.1.49.Final/netty-resolver-4.1.49.Final.jar:/home/nikos/.m2/repository/io/netty/netty-handler-proxy/4.1.49.Final/netty-handler-proxy-4.1.49.Final.jar:/home/nikos/.m2/repository/io/netty/netty-codec-socks/4.1.49.Final/netty-codec-socks-4.1.49.Final.jar:/home/nikos/.m2/repository/io/netty/netty-transport-native-epoll/4.1.49.Final/netty-transport-native-epoll-4.1.49.Final-linux-x86_64.jar:/home/nikos/.m2/repository/io/netty/netty-transport-native-unix-common/4.1.49.Final/netty-transport-native-unix-common-4.1.49.Final.jar:/home/nikos/.m2/repository/org/springframework/spring-webflux/5.2.6.RELEASE/spring-webflux-5.2.6.RELEASE.jar:/home/nikos/.m2/repository/io/projectreactor/reactor-core/3.3.5.RELEASE/reactor-core-3.3.5.RELEASE.jar:/home/nikos/.m2/repository/org/synchronoss/cloud/nio-multipart-parser/1.1.0/nio-multipart-parser-1.1.0.jar:/home/nikos/.m2/repository/org/synchronoss/cloud/nio-stream-storage/1.1.3/nio-stream-storage-1.1.3.jar:/home/nikos/.m2/repository/org/keycloak/keycloak-spring-security-adapter/10.0.1/keycloak-spring-security-adapter-10.0.1.jar:/home/nikos/.m2/repository/org/keycloak/keycloak-core/10.0.1/keycloak-core-10.0.1.jar:/home/nikos/.m2/repository/org/keycloak/keycloak-common/10.0.1/keycloak-common-10.0.1.jar:/home/nikos/.m2/repository/org/bouncycastle/bcpkix-jdk15on/1.62/bcpkix-jdk15on-1.62.jar:/home/nikos/.m2/repository/org/keycloak/keycloak-adapter-spi/10.0.1/keycloak-adapter-spi-10.0.1.jar:/home/nikos/.m2/repository/org/keycloak/keycloak-adapter-core/10.0.1/keycloak-adapter-core-10.0.1.jar:/home/nikos/.m2/repository/org/slf4j/slf4j-api/1.7.30/slf4j-api-1.7.30.jar:/home/nikos/.m2/repository/org/jboss/logging/jboss-logging/3.4.1.Final/jboss-logging-3.4.1.Final.jar:/home/nikos/.m2/repository/org/apache/httpcomponents/httpclient/4.5.12/httpclient-4.5.12.jar:/home/nikos/.m2/repository/org/apache/httpcomponents/httpcore/4.4.13/httpcore-4.4.13.jar:/home/nikos/.m2/repository/org/bouncycastle/bcprov-jdk15on/1.62/bcprov-jdk15on-1.62.jar:/home/nikos/.m2/repository/com/fasterxml/jackson/core/jackson-core/2.11.0/jackson-core-2.11.0.jar:/home/nikos/.m2/repository/com/fasterxml/jackson/core/jackson-databind/2.11.0/jackson-databind-2.11.0.jar:/home/nikos/.m2/repository/com/fasterxml/jackson/core/jackson-annotations/2.11.0/jackson-annotations-2.11.0.jar:/home/nikos/.m2/repository/org/springframework/session/spring-session-data-mongodb/2.3.0.RELEASE/spring-session-data-mongodb-2.3.0.RELEASE.jar:/home/nikos/.m2/repository/org/springframework/session/spring-session-core/2.3.0.RELEASE/spring-session-core-2.3.0.RELEASE.jar:/home/nikos/.m2/repository/org/springframework/data/spring-data-mongodb/3.0.0.RELEASE/spring-data-mongodb-3.0.0.RELEASE.jar:/home/nikos/.m2/repository/org/springframework/spring-tx/5.2.6.RELEASE/spring-tx-5.2.6.RELEASE.jar:/home/nikos/.m2/repository/org/springframework/data/spring-data-commons/2.3.0.RELEASE/spring-data-commons-2.3.0.RELEASE.jar:/home/nikos/.m2/repository/org/mongodb/mongodb-driver-core/4.0.3/mongodb-driver-core-4.0.3.jar:/home/nikos/.m2/repository/com/google/code/findbugs/jsr305/3.0.2/jsr305-3.0.2.jar:/home/nikos/.m2/repository/org/springframework/boot/spring-boot-starter-data-mongodb/2.3.0.RELEASE/spring-boot-starter-data-mongodb-2.3.0.RELEASE.jar:/home/nikos/.m2/repository/org/mongodb/mongodb-driver-sync/4.0.3/mongodb-driver-sync-4.0.3.jar:/home/nikos/.m2/repository/org/mongodb/bson/4.0.3/bson-4.0.3.jar:/home/nikos/.m2/repository/org/keycloak/keycloak-spring-boot-adapter-core/10.0.1/keycloak-spring-boot-adapter-core-10.0.1.jar:/home/nikos/.m2/repository/org/web3j/core/4.6.3/core-4.6.3.jar:/home/nikos/.m2/repository/org/web3j/abi/4.6.3/abi-4.6.3.jar:/home/nikos/.m2/repository/org/web3j/utils/4.6.3/utils-4.6.3.jar:/home/nikos/.m2/repository/org/web3j/crypto/4.6.3/crypto-4.6.3.jar:/home/nikos/.m2/repository/org/web3j/rlp/4.6.3/rlp-4.6.3.jar:/home/nikos/.m2/repository/org/web3j/tuples/4.6.3/tuples-4.6.3.jar:/home/nikos/.m2/repository/com/github/jnr/jnr-unixsocket/0.21/jnr-unixsocket-0.21.jar:/home/nikos/.m2/repository/com/github/jnr/jnr-ffi/2.1.9/jnr-ffi-2.1.9.jar:/home/nikos/.m2/repository/com/github/jnr/jffi/1.2.17/jffi-1.2.17.jar:/home/nikos/.m2/repository/com/github/jnr/jffi/1.2.16/jffi-1.2.16-native.jar:/home/nikos/.m2/repository/org/ow2/asm/asm/5.0.3/asm-5.0.3.jar:/home/nikos/.m2/repository/org/ow2/asm/asm-commons/5.0.3/asm-commons-5.0.3.jar:/home/nikos/.m2/repository/org/ow2/asm/asm-analysis/5.0.3/asm-analysis-5.0.3.jar:/home/nikos/.m2/repository/org/ow2/asm/asm-tree/5.0.3/asm-tree-5.0.3.jar:/home/nikos/.m2/repository/org/ow2/asm/asm-util/5.0.3/asm-util-5.0.3.jar:/home/nikos/.m2/repository/com/github/jnr/jnr-a64asm/1.0.0/jnr-a64asm-1.0.0.jar:/home/nikos/.m2/repository/com/github/jnr/jnr-x86asm/1.0.2/jnr-x86asm-1.0.2.jar:/home/nikos/.m2/repository/com/github/jnr/jnr-constants/0.9.11/jnr-constants-0.9.11.jar:/home/nikos/.m2/repository/com/github/jnr/jnr-enxio/0.19/jnr-enxio-0.19.jar:/home/nikos/.m2/repository/com/github/jnr/jnr-posix/3.0.47/jnr-posix-3.0.47.jar:/home/nikos/.m2/repository/com/squareup/okhttp3/logging-interceptor/3.14.8/logging-interceptor-3.14.8.jar:/home/nikos/.m2/repository/io/reactivex/rxjava2/rxjava/2.2.19/rxjava-2.2.19.jar:/home/nikos/.m2/repository/org/reactivestreams/reactive-streams/1.0.3/reactive-streams-1.0.3.jar:/home/nikos/.m2/repository/org/java-websocket/Java-WebSocket/1.3.8/Java-WebSocket-1.3.8.jar:/home/nikos/.m2/repository/com/squareup/okhttp3/okhttp/4.8.1/okhttp-4.8.1.jar:/home/nikos/.m2/repository/com/squareup/okio/okio/2.7.0/okio-2.7.0.jar:/home/nikos/.m2/repository/org/jetbrains/kotlin/kotlin-stdlib-common/1.3.72/kotlin-stdlib-common-1.3.72.jar:/home/nikos/.m2/repository/org/jetbrains/kotlin/kotlin-stdlib/1.3.72/kotlin-stdlib-1.3.72.jar:/home/nikos/.m2/repository/org/jetbrains/annotations/13.0/annotations-13.0.jar:/home/nikos/.m2/repository/org/hibernate/hibernate-validator/5.4.2.Final/hibernate-validator-5.4.2.Final.jar:/home/nikos/.m2/repository/javax/validation/validation-api/2.0.1.Final/validation-api-2.0.1.Final.jar:/home/nikos/.m2/repository/com/fasterxml/classmate/1.5.1/classmate-1.5.1.jar:/home/nikos/.m2/repository/org/springframework/spring-web/5.2.8.RELEASE/spring-web-5.2.8.RELEASE.jar:"/>
    <property name="sun.cpu.endian" value="little"/>
    <property name="user.home" value="/home/nikos"/>
    <property name="user.language" value="en"/>
    <property name="java.specification.vendor" value="Oracle Corporation"/>
    <property name="java.home" value="/usr/lib/jvm/java-8-openjdk-amd64/jre"/>
    <property name="basedir" value="/home/nikos/sbchain-ssi-oicd-oauth2"/>
    <property name="file.separator" value="/"/>
    <property name="line.separator" value="&#10;"/>
    <property name="java.vm.specification.vendor" value="Oracle Corporation"/>
    <property name="java.specification.name" value="Java Platform API Specification"/>
    <property name="java.awt.graphicsenv" value="sun.awt.X11GraphicsEnvironment"/>
    <property name="surefire.real.class.path" value="/home/nikos/sbchain-ssi-oicd-oauth2/target/surefire/surefirebooter4815371474328137980.jar"/>
    <property name="sun.boot.class.path" value="/usr/lib/jvm/java-8-openjdk-amd64/jre/lib/resources.jar:/usr/lib/jvm/java-8-openjdk-amd64/jre/lib/rt.jar:/usr/lib/jvm/java-8-openjdk-amd64/jre/lib/sunrsasign.jar:/usr/lib/jvm/java-8-openjdk-amd64/jre/lib/jsse.jar:/usr/lib/jvm/java-8-openjdk-amd64/jre/lib/jce.jar:/usr/lib/jvm/java-8-openjdk-amd64/jre/lib/charsets.jar:/usr/lib/jvm/java-8-openjdk-amd64/jre/lib/jfr.jar:/usr/lib/jvm/java-8-openjdk-amd64/jre/classes"/>
    <property name="sun.management.compiler" value="HotSpot 64-Bit Tiered Compilers"/>
    <property name="java.runtime.version" value="1.8.0_265-8u265-b01-0ubuntu2~20.04-b01"/>
    <property name="user.name" value="nikos"/>
    <property name="path.separator" value=":"/>
    <property name="os.version" value="5.4.0-48-generic"/>
    <property name="java.endorsed.dirs" value="/usr/lib/jvm/java-8-openjdk-amd64/jre/lib/endorsed"/>
    <property name="java.runtime.name" value="OpenJDK Runtime Environment"/>
    <property name="file.encoding" value="UTF-8"/>
    <property name="java.vm.name" value="OpenJDK 64-Bit Server VM"/>
    <property name="maven.ext.class.path" value="/snap/netbeans/35/netbeans/java/maven-nblib/netbeans-eventspy.jar"/>
    <property name="localRepository" value="/home/nikos/.m2/repository"/>
    <property name="java.vendor.url.bug" value="http://bugreport.sun.com/bugreport/"/>
    <property name="java.io.tmpdir" value="/tmp"/>
    <property name="java.version" value="1.8.0_265"/>
    <property name="user.dir" value="/home/nikos/sbchain-ssi-oicd-oauth2"/>
    <property name="os.arch" value="amd64"/>
    <property name="java.vm.specification.name" value="Java Virtual Machine Specification"/>
    <property name="java.awt.printerjob" value="sun.print.PSPrinterJob"/>
    <property name="sun.os.patch.level" value="unknown"/>
    <property name="java.library.path" value="/usr/java/packages/lib/amd64:/usr/lib/x86_64-linux-gnu/jni:/lib/x86_64-linux-gnu:/usr/lib/x86_64-linux-gnu:/usr/lib/jni:/lib:/usr/lib"/>
    <property name="java.vm.info" value="mixed mode"/>
    <property name="java.vendor" value="Private Build"/>
    <property name="java.vm.version" value="25.265-b01"/>
    <property name="java.ext.dirs" value="/usr/lib/jvm/java-8-openjdk-amd64/jre/lib/ext:/usr/java/packages/lib/ext"/>
    <property name="sun.io.unicode.encoding" value="UnicodeLittle"/>
    <property name="java.class.version" value="52.0"/>
  </properties>
  <testcase name="testAddCase" classname="com.example.sbchainssioicdoauth2.TestEthService" time="3.38"/>
  <testcase name="testGetAllCases" classname="com.example.sbchainssioicdoauth2.TestEthService" time="8.271"/>
  <testcase name="testUpdateCase" classname="com.example.sbchainssioicdoauth2.TestEthService" time="2.047"/>
  <testcase name="testGetCase" classname="com.example.sbchainssioicdoauth2.TestEthService" time="1.157"/>
</testsuite>